2024-12-06 15:03:57,179 app_hmc_namelist INFO      ============================================================================    app_hmc_namelist_main.py:[67     - main                ()] 
2024-12-06 15:03:57,179 app_hmc_namelist INFO      ==> Application for hmc namelist (Version: 1.0.0 Release_Date: 2024-12-02)      app_hmc_namelist_main.py:[68     - main                ()] 
2024-12-06 15:03:57,179 app_hmc_namelist INFO      ==> START ...                                                                   app_hmc_namelist_main.py:[69     - main                ()] 
2024-12-06 15:03:57,180 app_hmc_namelist INFO                                                                                      app_hmc_namelist_main.py:[70     - main                ()] 
2024-12-06 15:03:57,180 app_hmc_namelist INFO      ---> Select time information ...                                                lib_utils_time.py:[64     - select_time_information()] 
2024-12-06 15:03:57,180 app_hmc_namelist INFO      ----> Time info defined by "time_now" argument ...                              lib_utils_time.py:[69     - select_time_information()] 
2024-12-06 15:03:57,180 app_hmc_namelist INFO      -----> Time 2024-12-02 12:34 set by argument                                    lib_utils_time.py:[73     - select_time_information()] 
2024-12-06 15:03:57,186 app_hmc_namelist INFO      ----> Time info defined by "time_now" argument ... DONE                         lib_utils_time.py:[92     - select_time_information()] 
2024-12-06 15:03:57,187 app_hmc_namelist INFO      ---> Select time information ... DONE                                           lib_utils_time.py:[137    - select_time_information()] 
2024-12-06 15:03:57,187 app_hmc_namelist INFO      ---> Select variables information ...                                           drv_hmc_variables.py:[75     - select_variables_information()] 
2024-12-06 15:03:57,187 app_hmc_namelist INFO      ----> Parse namelist variables ...                                              drv_hmc_variables.py:[94     - select_variables_information()] 
2024-12-06 15:03:57,192 app_hmc_namelist INFO      ----> Parse namelist variables ... DONE                                         drv_hmc_variables.py:[123    - select_variables_information()] 
2024-12-06 15:03:57,192 app_hmc_namelist INFO      ----> Check namelist variables ...                                              drv_hmc_variables.py:[126    - select_variables_information()] 
2024-12-06 15:03:57,193 app_hmc_namelist INFO      ----> Check namelist variables ... DONE                                         drv_hmc_variables.py:[159    - select_variables_information()] 
2024-12-06 15:03:57,193 app_hmc_namelist INFO      ----> Adjust namelist variables ...                                             drv_hmc_variables.py:[162    - select_variables_information()] 
2024-12-06 15:03:57,193 app_hmc_namelist INFO      ----> Adjust namelist variables ... DONE                                        drv_hmc_variables.py:[185    - select_variables_information()] 
2024-12-06 15:03:57,193 app_hmc_namelist INFO      ---> Select variables information ... DONE                                      drv_hmc_variables.py:[188    - select_variables_information()] 
2024-12-06 15:03:57,193 app_hmc_namelist INFO      ---> Fill variables information ...                                             drv_hmc_variables.py:[199    - fill_variable_information()] 
2024-12-06 15:03:57,193 app_hmc_namelist INFO      ----> Update mandatory variables ...                                            drv_hmc_variables.py:[205    - fill_variable_information()] 
2024-12-06 15:03:57,194 app_hmc_namelist WARNING   ===> Variable "sTimeRestart" is not defined. Default value is "time_restart"    drv_hmc_variables.py:[212    - fill_variable_information()] 
2024-12-06 15:03:57,194 app_hmc_namelist WARNING   ===> Variable "iSimLength" is not defined. Default value is "time_period"       drv_hmc_variables.py:[215    - fill_variable_information()] 
2024-12-06 15:03:57,194 app_hmc_namelist INFO      ----> Update mandatory variables ... DONE                                       drv_hmc_variables.py:[217    - fill_variable_information()] 
2024-12-06 15:03:57,194 app_hmc_namelist INFO      ----> Update namelist variables ...                                             drv_hmc_variables.py:[220    - fill_variable_information()] 
2024-12-06 15:03:57,194 app_hmc_namelist INFO      ----> Update namelist variables ... DONE                                        drv_hmc_variables.py:[237    - fill_variable_information()] 
2024-12-06 15:03:57,194 app_hmc_namelist INFO      ----> Update namelist structure ...                                             drv_hmc_variables.py:[240    - fill_variable_information()] 
2024-12-06 15:03:57,195 app_hmc_namelist INFO      -----> Group "HMC_Parameters" ...                                               drv_hmc_variables.py:[247    - fill_variable_information()] 
2024-12-06 15:03:57,195 app_hmc_namelist INFO      -----> Group "HMC_Parameters" ... DONE                                          drv_hmc_variables.py:[273    - fill_variable_information()] 
2024-12-06 15:03:57,195 app_hmc_namelist INFO      -----> Group "HMC_Namelist" ...                                                 drv_hmc_variables.py:[247    - fill_variable_information()] 
2024-12-06 15:03:57,196 app_hmc_namelist INFO      -----> Group "HMC_Namelist" ... DONE                                            drv_hmc_variables.py:[273    - fill_variable_information()] 
2024-12-06 15:03:57,196 app_hmc_namelist INFO      -----> Group "HMC_Snow" ...                                                     drv_hmc_variables.py:[247    - fill_variable_information()] 
2024-12-06 15:03:57,196 app_hmc_namelist INFO      -----> Group "HMC_Snow" ... DONE                                                drv_hmc_variables.py:[273    - fill_variable_information()] 
2024-12-06 15:03:57,196 app_hmc_namelist INFO      -----> Group "HMC_Constants" ...                                                drv_hmc_variables.py:[247    - fill_variable_information()] 
2024-12-06 15:03:57,196 app_hmc_namelist INFO      -----> Group "HMC_Constants" ... DONE                                           drv_hmc_variables.py:[273    - fill_variable_information()] 
2024-12-06 15:03:57,196 app_hmc_namelist INFO      -----> Group "HMC_Command" ...                                                  drv_hmc_variables.py:[247    - fill_variable_information()] 
2024-12-06 15:03:57,196 app_hmc_namelist INFO      -----> Group "HMC_Command" ... DONE                                             drv_hmc_variables.py:[273    - fill_variable_information()] 
2024-12-06 15:03:57,196 app_hmc_namelist INFO      -----> Group "HMC_Info" ...                                                     drv_hmc_variables.py:[247    - fill_variable_information()] 
2024-12-06 15:03:57,196 app_hmc_namelist INFO      -----> Group "HMC_Info" ... DONE                                                drv_hmc_variables.py:[273    - fill_variable_information()] 
2024-12-06 15:03:57,197 app_hmc_namelist INFO      ----> Update namelist structure ... DONE                                        drv_hmc_variables.py:[276    - fill_variable_information()] 
2024-12-06 15:03:57,197 app_hmc_namelist INFO      ---> Fill variables information ... DONE                                        drv_hmc_variables.py:[279    - fill_variable_information()] 
2024-12-06 15:03:57,197 app_hmc_namelist INFO      ---> Get namelist information ...                                               drv_hmc_namelist.py:[129    - get_namelist_obj    ()] 
2024-12-06 15:03:57,197 app_hmc_namelist INFO      ----> Read template file ...                                                    drv_hmc_namelist.py:[137    - get_namelist_obj    ()] 
2024-12-06 15:03:57,210 app_hmc_namelist INFO      ----> Group "HMC_Parameters" ...                                                drv_hmc_namelist.py:[179    - update_namelist_default()] 
2024-12-06 15:03:57,210 app_hmc_namelist INFO      ----> Group "HMC_Parameters" ... DONE                                           drv_hmc_namelist.py:[215    - update_namelist_default()] 
2024-12-06 15:03:57,210 app_hmc_namelist INFO      ----> Group "HMC_Namelist" ...                                                  drv_hmc_namelist.py:[179    - update_namelist_default()] 
2024-12-06 15:03:57,210 app_hmc_namelist INFO      ----> Group "HMC_Namelist" ... DONE                                             drv_hmc_namelist.py:[215    - update_namelist_default()] 
2024-12-06 15:03:57,210 app_hmc_namelist INFO      ----> Group "HMC_Snow" ...                                                      drv_hmc_namelist.py:[179    - update_namelist_default()] 
2024-12-06 15:03:57,210 app_hmc_namelist INFO      ----> Group "HMC_Snow" ... DONE                                                 drv_hmc_namelist.py:[215    - update_namelist_default()] 
2024-12-06 15:03:57,210 app_hmc_namelist INFO      ----> Group "HMC_Constants" ...                                                 drv_hmc_namelist.py:[179    - update_namelist_default()] 
2024-12-06 15:03:57,211 app_hmc_namelist INFO      ----> Group "HMC_Constants" ... DONE                                            drv_hmc_namelist.py:[215    - update_namelist_default()] 
2024-12-06 15:03:57,211 app_hmc_namelist INFO      ----> Group "HMC_Command" ...                                                   drv_hmc_namelist.py:[179    - update_namelist_default()] 
2024-12-06 15:03:57,211 app_hmc_namelist INFO      ----> Group "HMC_Command" ... DONE                                              drv_hmc_namelist.py:[215    - update_namelist_default()] 
2024-12-06 15:03:57,211 app_hmc_namelist INFO      ----> Group "HMC_Info" ...                                                      drv_hmc_namelist.py:[179    - update_namelist_default()] 
2024-12-06 15:03:57,211 app_hmc_namelist INFO      ----> Group "HMC_Info" ... DONE                                                 drv_hmc_namelist.py:[215    - update_namelist_default()] 
2024-12-06 15:03:57,211 app_hmc_namelist INFO      ----> Variable defined by mandatory flag ...                                    drv_hmc_namelist.py:[218    - update_namelist_default()] 
2024-12-06 15:03:57,211 app_hmc_namelist INFO      -----> Variable "HMC_Parameters:sDomainName"                                    drv_hmc_namelist.py:[220    - update_namelist_default()] 
2024-12-06 15:03:57,211 app_hmc_namelist INFO      -----> Variable "HMC_Namelist:iSimLength"                                       drv_hmc_namelist.py:[220    - update_namelist_default()] 
2024-12-06 15:03:57,211 app_hmc_namelist INFO      -----> Variable "HMC_Namelist:iDtModel"                                         drv_hmc_namelist.py:[220    - update_namelist_default()] 
2024-12-06 15:03:57,211 app_hmc_namelist INFO      -----> Variable "HMC_Namelist:iDtData_Forcing"                                  drv_hmc_namelist.py:[220    - update_namelist_default()] 
2024-12-06 15:03:57,212 app_hmc_namelist INFO      -----> Variable "HMC_Namelist:iDtData_Updating"                                 drv_hmc_namelist.py:[220    - update_namelist_default()] 
2024-12-06 15:03:57,212 app_hmc_namelist INFO      -----> Variable "HMC_Namelist:iDtData_Output_Gridded"                           drv_hmc_namelist.py:[220    - update_namelist_default()] 
2024-12-06 15:03:57,212 app_hmc_namelist INFO      -----> Variable "HMC_Namelist:iDtData_Output_Point"                             drv_hmc_namelist.py:[220    - update_namelist_default()] 
2024-12-06 15:03:57,212 app_hmc_namelist INFO      -----> Variable "HMC_Namelist:iDtData_State_Gridded"                            drv_hmc_namelist.py:[220    - update_namelist_default()] 
2024-12-06 15:03:57,212 app_hmc_namelist INFO      -----> Variable "HMC_Namelist:iDtData_State_Point"                              drv_hmc_namelist.py:[220    - update_namelist_default()] 
2024-12-06 15:03:57,212 app_hmc_namelist INFO      -----> Variable "HMC_Namelist:sTimeStart"                                       drv_hmc_namelist.py:[220    - update_namelist_default()] 
2024-12-06 15:03:57,212 app_hmc_namelist INFO      -----> Variable "HMC_Namelist:sTimeRestart"                                     drv_hmc_namelist.py:[220    - update_namelist_default()] 
2024-12-06 15:03:57,212 app_hmc_namelist INFO      -----> Variable "HMC_Namelist:sPathData_Static_Gridded"                         drv_hmc_namelist.py:[220    - update_namelist_default()] 
2024-12-06 15:03:57,212 app_hmc_namelist INFO      -----> Variable "HMC_Namelist:sPathData_Static_Point"                           drv_hmc_namelist.py:[220    - update_namelist_default()] 
2024-12-06 15:03:57,212 app_hmc_namelist INFO      -----> Variable "HMC_Namelist:sPathData_Forcing_Gridded"                        drv_hmc_namelist.py:[220    - update_namelist_default()] 
2024-12-06 15:03:57,212 app_hmc_namelist INFO      -----> Variable "HMC_Namelist:sPathData_Forcing_Point"                          drv_hmc_namelist.py:[220    - update_namelist_default()] 
2024-12-06 15:03:57,213 app_hmc_namelist INFO      -----> Variable "HMC_Namelist:sPathData_Forcing_TimeSeries"                     drv_hmc_namelist.py:[220    - update_namelist_default()] 
2024-12-06 15:03:57,213 app_hmc_namelist INFO      -----> Variable "HMC_Namelist:sPathData_Updating_Gridded"                       drv_hmc_namelist.py:[220    - update_namelist_default()] 
2024-12-06 15:03:57,213 app_hmc_namelist INFO      -----> Variable "HMC_Namelist:sPathData_Output_Gridded"                         drv_hmc_namelist.py:[220    - update_namelist_default()] 
2024-12-06 15:03:57,213 app_hmc_namelist INFO      -----> Variable "HMC_Namelist:sPathData_Output_Point"                           drv_hmc_namelist.py:[220    - update_namelist_default()] 
2024-12-06 15:03:57,213 app_hmc_namelist INFO      -----> Variable "HMC_Namelist:sPathData_Output_TimeSeries"                      drv_hmc_namelist.py:[220    - update_namelist_default()] 
2024-12-06 15:03:57,213 app_hmc_namelist INFO      -----> Variable "HMC_Namelist:sPathData_State_Gridded"                          drv_hmc_namelist.py:[220    - update_namelist_default()] 
2024-12-06 15:03:57,213 app_hmc_namelist INFO      -----> Variable "HMC_Namelist:sPathData_State_Point"                            drv_hmc_namelist.py:[220    - update_namelist_default()] 
2024-12-06 15:03:57,213 app_hmc_namelist INFO      -----> Variable "HMC_Namelist:sPathData_Restart_Gridded"                        drv_hmc_namelist.py:[220    - update_namelist_default()] 
2024-12-06 15:03:57,213 app_hmc_namelist INFO      -----> Variable "HMC_Namelist:sPathData_Restart_Point"                          drv_hmc_namelist.py:[220    - update_namelist_default()] 
2024-12-06 15:03:57,213 app_hmc_namelist INFO      ----> Variable defined by mandatory flag ... DONE                               drv_hmc_namelist.py:[221    - update_namelist_default()] 
2024-12-06 15:03:57,214 app_hmc_namelist INFO      ---> Check namelist information ... DONE                                        drv_hmc_namelist.py:[224    - update_namelist_default()] 
2024-12-06 15:03:57,214 app_hmc_namelist INFO      ----> Read template file ... DONE                                               drv_hmc_namelist.py:[147    - get_namelist_obj    ()] 
2024-12-06 15:03:57,214 app_hmc_namelist INFO      ---> Get namelist information ... DONE                                          drv_hmc_namelist.py:[163    - get_namelist_obj    ()] 
2024-12-06 15:03:57,214 app_hmc_namelist INFO      ---> Fill namelist information ...                                              drv_hmc_namelist.py:[235    - fill_namelist_variables()] 
2024-12-06 15:03:57,215 app_hmc_namelist INFO      ---> Fill namelist information ... DONE                                         drv_hmc_namelist.py:[251    - fill_namelist_variables()] 
2024-12-06 15:03:57,215 app_hmc_namelist INFO      ---> Check namelist information ...                                             drv_hmc_namelist.py:[262    - define_namelist_variables()] 
2024-12-06 15:03:57,215 app_hmc_namelist INFO      ----> Group "HMC_Parameters" ...                                                drv_hmc_namelist.py:[274    - define_namelist_variables()] 
2024-12-06 15:03:57,215 app_hmc_namelist INFO      ----> Group "HMC_Parameters" ... DONE                                           drv_hmc_namelist.py:[334    - define_namelist_variables()] 
2024-12-06 15:03:57,215 app_hmc_namelist INFO      ----> Group "HMC_Namelist" ...                                                  drv_hmc_namelist.py:[274    - define_namelist_variables()] 
2024-12-06 15:03:57,216 app_hmc_namelist INFO      ----> Group "HMC_Namelist" ... DONE                                             drv_hmc_namelist.py:[334    - define_namelist_variables()] 
2024-12-06 15:03:57,216 app_hmc_namelist INFO      ----> Group "HMC_Snow" ...                                                      drv_hmc_namelist.py:[274    - define_namelist_variables()] 
2024-12-06 15:03:57,216 app_hmc_namelist INFO      ----> Group "HMC_Snow" ... DONE                                                 drv_hmc_namelist.py:[334    - define_namelist_variables()] 
2024-12-06 15:03:57,216 app_hmc_namelist INFO      ----> Group "HMC_Constants" ...                                                 drv_hmc_namelist.py:[274    - define_namelist_variables()] 
2024-12-06 15:03:57,216 app_hmc_namelist INFO      ----> Group "HMC_Constants" ... DONE                                            drv_hmc_namelist.py:[334    - define_namelist_variables()] 
2024-12-06 15:03:57,216 app_hmc_namelist INFO      ----> Group "HMC_Command" ...                                                   drv_hmc_namelist.py:[274    - define_namelist_variables()] 
2024-12-06 15:03:57,217 app_hmc_namelist INFO      ----> Group "HMC_Command" ... DONE                                              drv_hmc_namelist.py:[334    - define_namelist_variables()] 
2024-12-06 15:03:57,217 app_hmc_namelist INFO      ----> Group "HMC_Info" ...                                                      drv_hmc_namelist.py:[274    - define_namelist_variables()] 
2024-12-06 15:03:57,217 app_hmc_namelist INFO      ----> Group "HMC_Info" ... DONE                                                 drv_hmc_namelist.py:[334    - define_namelist_variables()] 
2024-12-06 15:03:57,217 app_hmc_namelist INFO      ---> Check namelist information ... DONE                                        drv_hmc_namelist.py:[337    - define_namelist_variables()] 
2024-12-06 15:04:00,762 app_hmc_namelist INFO      ---> Dump namelist information ...                                              drv_hmc_namelist.py:[92     - dump_namelist_obj   ()] 
2024-12-06 15:04:00,763 app_hmc_namelist INFO      ---> Dump namelist information ... SKIPPED. File already exists                 drv_hmc_namelist.py:[120    - dump_namelist_obj   ()] 
2024-12-06 15:04:03,121 app_hmc_namelist INFO                                                                                      app_hmc_namelist_main.py:[122    - main                ()] 
2024-12-06 15:04:03,335 app_hmc_namelist INFO      ==> Application for hmc namelist (Version: 1.0.0 Release_Date: 2024-12-02)      app_hmc_namelist_main.py:[123    - main                ()] 
2024-12-06 15:04:03,560 app_hmc_namelist INFO      ==> TIME ELAPSED: 5.4 seconds                                                   app_hmc_namelist_main.py:[124    - main                ()] 
